102.05.14 15:49 B D:\Political Attic\common\apic-app.htm <-- polattic /home/polattic/public_html/common apic-app.htm
102.05.14 15:49 B D:\Political Attic\common\apic1.jpg <-- polattic /home/polattic/public_html/common apic1.jpg
102.05.14 15:49 B D:\Political Attic\common\apicbackl6.gif <-- polattic /home/polattic/public_html/common apicbackl6.gif
102.05.14 15:49 B D:\Political Attic\common\dog_run.gif <-- polattic /home/polattic/public_html/common dog_run.gif
102.05.14 15:49 B D:\Political Attic\common\flag2.jpg <-- polattic /home/polattic/public_html/common flag2.jpg
102.05.14 15:49 B D:\Political Attic\common\insurance.html <-- polattic /home/polattic/public_html/common insurance.html
102.05.14 15:49 B D:\Political Attic\common\look.jpg <-- polattic /home/polattic/public_html/common look.jpg
102.05.14 15:49 B D:\Political Attic\common\new-apic-2.jpg <-- polattic /home/polattic/public_html/common new-apic-2.jpg
102.05.14 15:49 B D:\Political Attic\common\order.html <-- polattic /home/polattic/public_html/common order.html
102.05.14 15:49 B D:\Political Attic\common\paflag.jpg <-- polattic /home/polattic/public_html/common paflag.jpg
102.05.14 15:49 B D:\Political Attic\common\rainbowrule.gif <-- polattic /home/polattic/public_html/common rainbowrule.gif
102.05.14 15:49 B D:\Political Attic\common\xmas.JPG <-- polattic /home/polattic/public_html/common xmas.JPG
102.05.14 15:51 B D:\Political Attic\common\apic-app.htm --> MyWebPages.comcast.net /mywebpages/common apic-app.htm
102.05.14 15:51 B D:\Political Attic\common\apic1.jpg --> MyWebPages.comcast.net /mywebpages/common apic1.jpg
102.05.14 15:51 B D:\Political Attic\common\apicbackl6.gif --> MyWebPages.comcast.net /mywebpages/common apicbackl6.gif
102.05.14 15:51 B D:\Political Attic\common\dog_run.gif --> MyWebPages.comcast.net /mywebpages/common dog_run.gif
102.05.14 15:51 B D:\Political Attic\common\flag2.jpg --> MyWebPages.comcast.net /mywebpages/common flag2.jpg
102.05.14 15:51 B D:\Political Attic\common\insurance.html --> MyWebPages.comcast.net /mywebpages/common insurance.html
102.05.14 15:51 B D:\Political Attic\common\look.jpg --> MyWebPages.comcast.net /mywebpages/common look.jpg
102.05.14 15:51 B D:\Political Attic\common\new-apic-2.jpg --> MyWebPages.comcast.net /mywebpages/common new-apic-2.jpg
102.05.14 15:51 B D:\Political Attic\common\order.html --> MyWebPages.comcast.net /mywebpages/common order.html
102.05.14 15:51 B D:\Political Attic\common\paflag.jpg --> MyWebPages.comcast.net /mywebpages/common paflag.jpg
102.05.14 15:51 B D:\Political Attic\common\rainbowrule.gif --> MyWebPages.comcast.net /mywebpages/common rainbowrule.gif
