103.02.16 22:16 B c:\My documents\My SlideShows\Webs\PHILA_ANTI_WAR\Slides\119-1961c.htm --> mail.sas.upenn.edu /home4/g/gjporter/public_html/Slides 119-1961c.htm
103.02.16 22:16 B c:\My documents\My SlideShows\Webs\PHILA_ANTI_WAR\Slides\119-1962_IMG.htm --> mail.sas.upenn.edu /home4/g/gjporter/public_html/Slides 119-1962_IMG.htm
103.02.16 22:16 B c:\My documents\My SlideShows\Webs\PHILA_ANTI_WAR\Slides\119-1964c.htm --> mail.sas.upenn.edu /home4/g/gjporter/public_html/Slides 119-1964c.htm
103.02.16 22:16 B c:\My documents\My SlideShows\Webs\PHILA_ANTI_WAR\Slides\119-1966c.htm --> mail.sas.upenn.edu /home4/g/gjporter/public_html/Slides 119-1966c.htm
103.02.16 22:16 B c:\My documents\My SlideShows\Webs\PHILA_ANTI_WAR\Slides\119-1967c.htm --> mail.sas.upenn.edu /home4/g/gjporter/public_html/Slides 119-1967c.htm
103.02.16 22:16 B c:\My documents\My SlideShows\Webs\PHILA_ANTI_WAR\Slides\119-1968c.htm --> mail.sas.upenn.edu /home4/g/gjporter/public_html/Slides 119-1968c.htm
103.02.16 22:16 B c:\My documents\My SlideShows\Webs\PHILA_ANTI_WAR\Slides\119-1969c.htm --> mail.sas.upenn.edu /home4/g/gjporter/public_html/Slides 119-1969c.htm
103.02.16 22:16 B c:\My documents\My SlideShows\Webs\PHILA_ANTI_WAR\Slides\119-1970c.htm --> mail.sas.upenn.edu /home4/g/gjporter/public_html/Slides 119-1970c.htm
103.02.16 22:16 B c:\My documents\My SlideShows\Webs\PHILA_ANTI_WAR\Slides\119-1971c.htm --> mail.sas.upenn.edu /home4/g/gjporter/public_html/Slides 119-1971c.htm
103.02.16 22:16 B c:\My documents\My SlideShows\Webs\PHILA_ANTI_WAR\Slides\119-1972c.htm --> mail.sas.upenn.edu /home4/g/gjporter/public_html/Slides 119-1972c.htm
103.02.16 22:16 B c:\My documents\My SlideShows\Webs\PHILA_ANTI_WAR\Slides\119-1973c.htm --> mail.sas.upenn.edu /home4/g/gjporter/public_html/Slides 119-1973c.htm
103.02.16 22:16 B c:\My documents\My SlideShows\Webs\PHILA_ANTI_WAR\Slides\119-1975c.htm --> mail.sas.upenn.edu /home4/g/gjporter/public_html/Slides 119-1975c.htm
103.02.16 22:16 B c:\My documents\My SlideShows\Webs\PHILA_ANTI_WAR\Slides\119-1978c.htm --> mail.sas.upenn.edu /home4/g/gjporter/public_html/Slides 119-1978c.htm
103.02.16 22:16 B c:\My documents\My SlideShows\Webs\PHILA_ANTI_WAR\Slides\119-1980c.htm --> mail.sas.upenn.edu /home4/g/gjporter/public_html/Slides 119-1980c.htm
103.02.16 22:16 B c:\My documents\My SlideShows\Webs\PHILA_ANTI_WAR\Slides\119-1981c.htm --> mail.sas.upenn.edu /home4/g/gjporter/public_html/Slides 119-1981c.htm
103.02.16 22:16 B c:\My documents\My SlideShows\Webs\PHILA_ANTI_WAR\Slides\119-1982c.htm --> mail.sas.upenn.edu /home4/g/gjporter/public_html/Slides 119-1982c.htm
103.02.16 22:16 B c:\My documents\My SlideShows\Webs\PHILA_ANTI_WAR\Slides\119-1983c.htm --> mail.sas.upenn.edu /home4/g/gjporter/public_html/Slides 119-1983c.htm
103.02.16 22:16 B c:\My documents\My SlideShows\Webs\PHILA_ANTI_WAR\Slides\119-1984c.htm --> mail.sas.upenn.edu /home4/g/gjporter/public_html/Slides 119-1984c.htm
103.02.16 22:16 B c:\My documents\My SlideShows\Webs\PHILA_ANTI_WAR\Slides\119-1985c.htm --> mail.sas.upenn.edu /home4/g/gjporter/public_html/Slides 119-1985c.htm
103.02.16 22:16 B c:\My documents\My SlideShows\Webs\PHILA_ANTI_WAR\Slides\119-1987c.htm --> mail.sas.upenn.edu /home4/g/gjporter/public_html/Slides 119-1987c.htm
103.02.16 22:16 B c:\My documents\My SlideShows\Webs\PHILA_ANTI_WAR\Slides\119-1989c.htm --> mail.sas.upenn.edu /home4/g/gjporter/public_html/Slides 119-1989c.htm
103.02.16 22:16 B c:\My documents\My SlideShows\Webs\PHILA_ANTI_WAR\Slides\119-1991c.htm --> mail.sas.upenn.edu /home4/g/gjporter/public_html/Slides 119-1991c.htm
103.02.16 22:16 B c:\My documents\My SlideShows\Webs\PHILA_ANTI_WAR\Slides\119-1993c.htm --> mail.sas.upenn.edu /home4/g/gjporter/public_html/Slides 119-1993c.htm
103.02.16 22:16 B c:\My documents\My SlideShows\Webs\PHILA_ANTI_WAR\Slides\119-1995c.htm --> mail.sas.upenn.edu /home4/g/gjporter/public_html/Slides 119-1995c.htm
103.02.16 22:16 B c:\My documents\My SlideShows\Webs\PHILA_ANTI_WAR\Slides\119-1996c.htm --> mail.sas.upenn.edu /home4/g/gjporter/public_html/Slides 119-1996c.htm
103.02.16 22:16 B c:\My documents\My SlideShows\Webs\PHILA_ANTI_WAR\Slides\119-1997c.htm --> mail.sas.upenn.edu /home4/g/gjporter/public_html/Slides 119-1997c.htm
103.02.16 22:16 B c:\My documents\My SlideShows\Webs\PHILA_ANTI_WAR\Slides\119-1998c.htm --> mail.sas.upenn.edu /home4/g/gjporter/public_html/Slides 119-1998c.htm
103.02.16 22:16 B c:\My documents\My SlideShows\Webs\PHILA_ANTI_WAR\Slides\119-2000c.htm --> mail.sas.upenn.edu /home4/g/gjporter/public_html/Slides 119-2000c.htm
103.02.16 22:16 B c:\My documents\My SlideShows\Webs\PHILA_ANTI_WAR\Slides\120-2002c.htm --> mail.sas.upenn.edu /home4/g/gjporter/public_html/Slides 120-2002c.htm
103.02.16 22:23 B c:\My documents\My SlideShows\Webs\PHILA_ANTI_WAR\Slides\119-1964c.htm --> mail.sas.upenn.edu /home4/g/gjporter/public_html 119-1964c.htm
103.02.16 22:47 B c:\My documents\My SlideShows\Webs\PHILA_ANTI_WAR\Slides\119-1961c.htm --> mail.sas.upenn.edu /home4/g/gjporter/html/Slides 119-1961c.htm
103.02.16 22:47 B c:\My documents\My SlideShows\Webs\PHILA_ANTI_WAR\Slides\119-1962_IMG.htm --> mail.sas.upenn.edu /home4/g/gjporter/html/Slides 119-1962_IMG.htm
103.02.16 22:47 B c:\My documents\My SlideShows\Webs\PHILA_ANTI_WAR\Slides\119-1964c.htm --> mail.sas.upenn.edu /home4/g/gjporter/html/Slides 119-1964c.htm
103.02.16 22:47 B c:\My documents\My SlideShows\Webs\PHILA_ANTI_WAR\Slides\119-1966c.htm --> mail.sas.upenn.edu /home4/g/gjporter/html/Slides 119-1966c.htm
103.02.16 22:47 B c:\My documents\My SlideShows\Webs\PHILA_ANTI_WAR\Slides\119-1967c.htm --> mail.sas.upenn.edu /home4/g/gjporter/html/Slides 119-1967c.htm
103.02.16 22:47 B c:\My documents\My SlideShows\Webs\PHILA_ANTI_WAR\Slides\119-1968c.htm --> mail.sas.upenn.edu /home4/g/gjporter/html/Slides 119-1968c.htm
103.02.16 22:47 B c:\My documents\My SlideShows\Webs\PHILA_ANTI_WAR\Slides\119-1969c.htm --> mail.sas.upenn.edu /home4/g/gjporter/html/Slides 119-1969c.htm
103.02.16 22:47 B c:\My documents\My SlideShows\Webs\PHILA_ANTI_WAR\Slides\119-1970c.htm --> mail.sas.upenn.edu /home4/g/gjporter/html/Slides 119-1970c.htm
103.02.16 22:47 B c:\My documents\My SlideShows\Webs\PHILA_ANTI_WAR\Slides\119-1971c.htm --> mail.sas.upenn.edu /home4/g/gjporter/html/Slides 119-1971c.htm
103.02.16 22:47 B c:\My documents\My SlideShows\Webs\PHILA_ANTI_WAR\Slides\119-1972c.htm --> mail.sas.upenn.edu /home4/g/gjporter/html/Slides 119-1972c.htm
103.02.16 22:47 B c:\My documents\My SlideShows\Webs\PHILA_ANTI_WAR\Slides\119-1973c.htm --> mail.sas.upenn.edu /home4/g/gjporter/html/Slides 119-1973c.htm
103.02.16 22:47 B c:\My documents\My SlideShows\Webs\PHILA_ANTI_WAR\Slides\119-1975c.htm --> mail.sas.upenn.edu /home4/g/gjporter/html/Slides 119-1975c.htm
103.02.16 22:47 B c:\My documents\My SlideShows\Webs\PHILA_ANTI_WAR\Slides\119-1978c.htm --> mail.sas.upenn.edu /home4/g/gjporter/html/Slides 119-1978c.htm
103.02.16 22:47 B c:\My documents\My SlideShows\Webs\PHILA_ANTI_WAR\Slides\119-1980c.htm --> mail.sas.upenn.edu /home4/g/gjporter/html/Slides 119-1980c.htm
103.02.16 22:47 B c:\My documents\My SlideShows\Webs\PHILA_ANTI_WAR\Slides\119-1981c.htm --> mail.sas.upenn.edu /home4/g/gjporter/html/Slides 119-1981c.htm
103.02.16 22:47 B c:\My documents\My SlideShows\Webs\PHILA_ANTI_WAR\Slides\119-1982c.htm --> mail.sas.upenn.edu /home4/g/gjporter/html/Slides 119-1982c.htm
103.02.16 22:47 B c:\My documents\My SlideShows\Webs\PHILA_ANTI_WAR\Slides\119-1983c.htm --> mail.sas.upenn.edu /home4/g/gjporter/html/Slides 119-1983c.htm
103.02.16 22:47 B c:\My documents\My SlideShows\Webs\PHILA_ANTI_WAR\Slides\119-1984c.htm --> mail.sas.upenn.edu /home4/g/gjporter/html/Slides 119-1984c.htm
103.02.16 22:47 B c:\My documents\My SlideShows\Webs\PHILA_ANTI_WAR\Slides\119-1985c.htm --> mail.sas.upenn.edu /home4/g/gjporter/html/Slides 119-1985c.htm
103.02.16 22:47 B c:\My documents\My SlideShows\Webs\PHILA_ANTI_WAR\Slides\119-1987c.htm --> mail.sas.upenn.edu /home4/g/gjporter/html/Slides 119-1987c.htm
103.02.16 22:47 B c:\My documents\My SlideShows\Webs\PHILA_ANTI_WAR\Slides\119-1989c.htm --> mail.sas.upenn.edu /home4/g/gjporter/html/Slides 119-1989c.htm
103.02.16 22:47 B c:\My documents\My SlideShows\Webs\PHILA_ANTI_WAR\Slides\119-1991c.htm --> mail.sas.upenn.edu /home4/g/gjporter/html/Slides 119-1991c.htm
103.02.16 22:47 B c:\My documents\My SlideShows\Webs\PHILA_ANTI_WAR\Slides\119-1993c.htm --> mail.sas.upenn.edu /home4/g/gjporter/html/Slides 119-1993c.htm
103.02.16 22:47 B c:\My documents\My SlideShows\Webs\PHILA_ANTI_WAR\Slides\119-1995c.htm --> mail.sas.upenn.edu /home4/g/gjporter/html/Slides 119-1995c.htm
103.02.16 22:47 B c:\My documents\My SlideShows\Webs\PHILA_ANTI_WAR\Slides\119-1996c.htm --> mail.sas.upenn.edu /home4/g/gjporter/html/Slides 119-1996c.htm
103.02.16 22:47 B c:\My documents\My SlideShows\Webs\PHILA_ANTI_WAR\Slides\119-1997c.htm --> mail.sas.upenn.edu /home4/g/gjporter/html/Slides 119-1997c.htm
103.02.16 22:47 B c:\My documents\My SlideShows\Webs\PHILA_ANTI_WAR\Slides\119-1998c.htm --> mail.sas.upenn.edu /home4/g/gjporter/html/Slides 119-1998c.htm
103.02.16 22:47 B c:\My documents\My SlideShows\Webs\PHILA_ANTI_WAR\Slides\119-2000c.htm --> mail.sas.upenn.edu /home4/g/gjporter/html/Slides 119-2000c.htm
103.02.16 22:47 B c:\My documents\My SlideShows\Webs\PHILA_ANTI_WAR\Slides\120-2002c.htm --> mail.sas.upenn.edu /home4/g/gjporter/html/Slides 120-2002c.htm
